0 info it worked if it ends with ok
1 verbose cli [ 'node', '/usr/local/bin/npm', 'version', '0.1.0' ]
2 info using npm@1.5.0-alpha-1
3 info using node@v0.10.29
4 verbose node symlink /usr/local/bin/node
5 error Error: Git working directory not clean.
5 error D .gitmodules
5 error M app/index.js
5 error M app/templates
5 error M package.json
5 error     at /usr/local/lib/node_modules/npm/lib/version.js:88:33
5 error     at ChildProcess.exithandler (child_process.js:645:7)
5 error     at ChildProcess.emit (events.js:98:17)
5 error     at maybeClose (child_process.js:755:16)
5 error     at Socket.<anonymous> (child_process.js:968:11)
5 error     at Socket.emit (events.js:95:17)
5 error     at Pipe.close (net.js:465:12)
6 error If you need help, you may report this *entire* log,
6 error including the npm and node versions, at:
6 error     <http://github.com/npm/npm/issues>
7 error System Darwin 13.1.0
8 error command "node" "/usr/local/bin/npm" "version" "0.1.0"
9 error cwd /Users/camden/Documents/wd_s-generator/generator-wd-s
10 error node -v v0.10.29
11 error npm -v 1.5.0-alpha-1
12 verbose exit [ 1, true ]
